<?xml version="1.0" encoding="UTF-8"?>
<testng-results skipped="0" failed="0" total="2" passed="2">
  <reporter-output>
  </reporter-output>
  <suite name="Default suite" duration-ms="8205" started-at="2018-04-18T14:57:35Z" finished-at="2018-04-18T14:57:44Z">
    <groups>
    </groups>
    <test name="Default test" duration-ms="8205" started-at="2018-04-18T14:57:35Z" finished-at="2018-04-18T14:57:44Z">
      <class name="com.qa.test.PostTest">
        <test-method status="PASS" signature="setup()[pri:0, instance:com.qa.test.PostTest@282ba1e]" name="setup" is-config="true" duration-ms="8" started-at="2018-04-18T20:27:35Z" finished-at="2018-04-18T20:27:35Z">
          <reporter-output>
          </reporter-output>
        </test-method> <!-- setup -->
        <test-method status="PASS" signature="createUserTest()[pri:0, instance:com.qa.test.PostTest@282ba1e]" name="createUserTest" duration-ms="4540" started-at="2018-04-18T20:27:35Z" finished-at="2018-04-18T20:27:40Z">
          <reporter-output>
          </reporter-output>
        </test-method> <!-- createUserTest -->
        <test-method status="PASS" signature="setup()[pri:0, instance:com.qa.test.PostTest@282ba1e]" name="setup" is-config="true" duration-ms="1" started-at="2018-04-18T20:27:40Z" finished-at="2018-04-18T20:27:40Z">
          <reporter-output>
          </reporter-output>
        </test-method> <!-- setup -->
        <test-method status="PASS" signature="verifyCreatedUserWithUtility()[pri:0, instance:com.qa.test.PostTest@282ba1e]" name="verifyCreatedUserWithUtility" duration-ms="3639" started-at="2018-04-18T20:27:40Z" finished-at="2018-04-18T20:27:44Z">
          <reporter-output>
          </reporter-output>
        </test-method> <!-- verifyCreatedUserWithUtility -->
      </class> <!-- com.qa.test.PostTest -->
    </test> <!-- Default test -->
  </suite> <!-- Default suite -->
</testng-results>
